2020-10-30 00:49:40,570:INFO:PyCaret Supervised Module
2020-10-30 00:49:40,570:INFO:ML Usecase: regression
2020-10-30 00:49:40,570:INFO:version 2.2.0
2020-10-30 00:49:40,570:INFO:Initializing setup()
2020-10-30 00:49:40,570:INFO:setup(target=charges, ml_usecase=regression, available_plots={'parameter': 'Hyperparameters', 'residuals': 'Residuals', 'error': 'Prediction Error', 'cooks': 'Cooks Distance', 'rfe': 'Feature Selection', 'learning': 'Learning Curve', 'manifold': 'Manifold Learning', 'vc': 'Validation Curve', 'feature': 'Feature Importance', 'feature_all': 'Feature Importance (All)', 'tree': 'Decision Tree'}, train_size=0.7, test_data=None, preprocess=True, imputation_type=simple, iterative_imputation_iters=5, categorical_features=None, categorical_imputation=constant, categorical_iterative_imputer=lightgbm, ordinal_features=None, high_cardinality_features=None, high_cardinality_method=frequency, numeric_features=None, numeric_imputation=mean, numeric_iterative_imputer=lightgbm, date_features=None, ignore_features=None, normalize=True, normalize_method=zscore, transformation=False, transformation_method=yeo-johnson, handle_unknown_categorical=True, unknown_categorical_method=least_frequent, pca=False, pca_method=linear, pca_components=None, ignore_low_variance=False, combine_rare_levels=False, rare_level_threshold=0.1, bin_numeric_features=['age', 'bmi'], remove_outliers=False, outliers_threshold=0.05, remove_multicollinearity=False, multicollinearity_threshold=0.9, remove_perfect_collinearity=True, create_clusters=False, cluster_iter=20, polynomial_features=True, polynomial_degree=2, trigonometry_features=True, polynomial_threshold=0.1, group_features=None, group_names=None, feature_selection=False, feature_selection_threshold=0.8, feature_selection_method=classic, feature_interaction=True, feature_ratio=False, interaction_threshold=0.01, fix_imbalance=False, fix_imbalance_method=None, transform_target=False, transform_target_method=box-cox, data_split_shuffle=True, data_split_stratify=False, fold_strategy=kfold, fold=10, fold_shuffle=False, fold_groups=None, n_jobs=-1, use_gpu=False, custom_pipeline=None, html=True, session_id=123, log_experiment=False, experiment_name=None, log_plots=False, log_profile=False, log_data=False, silent=False, verbose=True, profile=False, display=None)
2020-10-30 00:49:40,571:INFO:Checking environment
2020-10-30 00:49:40,571:INFO:python_version: 3.7.7
2020-10-30 00:49:40,571:INFO:python_build: ('default', 'May  6 2020 11:45:54')
2020-10-30 00:49:40,571:INFO:machine: AMD64
2020-10-30 00:49:40,571:INFO:platform: Windows-10-10.0.15063-SP0
2020-10-30 00:49:40,571:INFO:Memory: svmem(total=6327009280, available=995168256, percent=84.3, used=5331841024, free=995168256)
2020-10-30 00:49:40,571:INFO:Physical Core: 2
2020-10-30 00:49:40,571:INFO:Logical Core: 4
2020-10-30 00:49:40,571:INFO:Checking libraries
2020-10-30 00:49:40,572:INFO:pd==1.1.3
2020-10-30 00:49:40,572:INFO:numpy==1.19.2
2020-10-30 00:49:40,572:INFO:sklearn==0.23.2
2020-10-30 00:49:49,102:INFO:xgboost==1.2.1
2020-10-30 00:49:49,103:INFO:lightgbm==2.3.1
2020-10-30 00:49:50,447:INFO:catboost==0.24.1
2020-10-30 00:50:04,354:INFO:mlflow==1.11.0
2020-10-30 00:50:04,357:INFO:Checking Exceptions
2020-10-30 00:50:04,359:INFO:Declaring global variables
2020-10-30 00:50:04,360:INFO:USI: 44ea
2020-10-30 00:50:04,361:INFO:pycaret_globals: {'target_param', '_all_models', '_all_metrics', 'fold_groups_param', 'prep_pipe', 'display_container', 'log_plots_param', 'fold_param', '_gpu_n_jobs_param', 'n_jobs_param', '_available_plots', 'experiment__', 'transform_target_method_param', 'data_before_preprocess', 'imputation_regressor', 'transform_target_param', 'iterative_imputation_iters_param', 'seed', 'X', 'fold_shuffle_param', 'master_model_container', 'logging_param', '_all_models_internal', 'exp_name_log', 'create_model_container', 'X_test', 'pycaret_globals', 'fold_generator', '_ml_usecase', 'gpu_param', 'X_train', 'y', 'html_param', 'USI', 'stratify_param', '_internal_pipeline', 'fix_imbalance_param', 'y_test', 'y_train', 'fix_imbalance_method_param', 'imputation_classifier'}
2020-10-30 00:50:04,361:INFO:Preparing display monitor
2020-10-30 00:50:04,362:INFO:Preparing display monitor
2020-10-30 00:50:04,736:INFO:Importing libraries
2020-10-30 00:50:04,736:INFO:Copying data for preprocessing
2020-10-30 00:50:04,781:INFO:Declaring preprocessing parameters
2020-10-30 00:50:04,979:INFO:Creating preprocessing pipeline
2020-10-30 00:50:05,092:INFO:Preprocessing pipeline created successfully
2020-10-30 00:50:05,092:ERROR:(Process Exit): setup has been interupted with user command 'quit'. setup must rerun.
2020-10-30 00:50:05,093:INFO:Creating global containers
2020-10-30 00:50:05,137:INFO:Internal pipeline: Pipeline(memory=None, steps=[('empty_step', 'passthrough')], verbose=False)
2020-10-30 00:50:40,328:INFO:Creating grid variables
2020-10-30 00:50:40,416:INFO:create_model_container: 0
2020-10-30 00:50:40,417:INFO:master_model_container: 0
2020-10-30 00:50:40,417:INFO:display_container: 0
2020-10-30 00:50:40,429:INFO:Pipeline(memory=None,
         steps=[('dtypes',
                 DataTypes_Auto_infer(categorical_features=[],
                                      display_types=True, features_todrop=[],
                                      id_columns=[], ml_usecase='regression',
                                      numerical_features=[], target='charges',
                                      time_features=[])),
                ('imputer',
                 Simple_Imputer(categorical_strategy='not_available',
                                fill_value_categorical=None,
                                fill_value_numerical=None,
                                numeric_strategy...
                ('dummy', Dummify(target='charges')),
                ('fix_perfect', Remove_100(target='charges')),
                ('clean_names', Clean_Colum_Names()),
                ('feature_select', 'passthrough'), ('fix_multi', 'passthrough'),
                ('dfs',
                 DFS_Classic(interactions=['multiply'], ml_usecase='regression',
                             random_state=123, subclass='binary',
                             target='charges',
                             top_features_to_pick_percentage=None)),
                ('pca', 'passthrough')],
         verbose=False)
2020-10-30 00:50:40,429:INFO:setup() succesfully completed......................................
2020-10-30 00:52:37,223:INFO:Initializing create_model()
2020-10-30 00:52:37,223:INFO:create_model(estimator=lr, fold=None, round=4, cross_validation=True, predict=True, fit_kwargs=None, groups=None, refit=True, verbose=True, system=True, metrics=None, display=None, kwargs={})
2020-10-30 00:52:37,223:INFO:Checking exceptions
2020-10-30 00:52:37,223:INFO:Preparing display monitor
2020-10-30 00:52:37,262:INFO:Importing libraries
2020-10-30 00:52:37,263:INFO:Copying training dataset
2020-10-30 00:52:37,265:INFO:Defining folds
2020-10-30 00:52:37,265:INFO:Declaring metric variables
2020-10-30 00:52:37,286:INFO:Importing untrained model
2020-10-30 00:52:37,312:INFO:Linear Regression Imported succesfully
2020-10-30 00:52:37,358:INFO:Starting cross validation
2020-10-30 00:52:37,528:INFO:Cross validating with KFold(n_splits=10, random_state=123, shuffle=False), n_jobs=-1
2020-10-30 00:52:52,271:INFO:Calculating mean and std
2020-10-30 00:52:52,272:INFO:Creating metrics dataframe
2020-10-30 00:52:52,291:INFO:Finalizing model
2020-10-30 00:52:52,570:INFO:Uploading results into container
2020-10-30 00:52:52,570:INFO:Uploading model into container now
2020-10-30 00:52:52,599:INFO:create_model_container: 1
2020-10-30 00:52:52,600:INFO:master_model_container: 1
2020-10-30 00:52:52,601:INFO:display_container: 1
2020-10-30 00:52:52,601:INFO:LinearRegression(copy_X=True, fit_intercept=True, n_jobs=-1, normalize=False)
2020-10-30 00:52:52,601:INFO:create_model() succesfully completed......................................
2020-10-30 00:54:05,667:INFO:Initializing plot_model()
2020-10-30 00:54:05,667:INFO:plot_model(plot=residuals, fold=None, verbose=True, display=None, estimator=LinearRegression(copy_X=True, fit_intercept=True, n_jobs=-1, normalize=False), feature_name=None, fit_kwargs=None, groups=None, label=False, save=False, scale=1, system=True)
2020-10-30 00:54:05,667:INFO:Checking exceptions
2020-10-30 00:54:05,668:INFO:Preparing display monitor
2020-10-30 00:54:05,687:INFO:Preloading libraries
2020-10-30 00:54:05,690:INFO:Copying training dataset
2020-10-30 00:54:05,691:INFO:Copying test dataset
2020-10-30 00:54:05,691:INFO:Plot type: residuals
2020-10-30 00:54:08,439:INFO:Fitting Model
2020-10-30 00:54:08,595:INFO:Scoring test/hold-out set
2020-10-30 00:54:11,462:INFO:Visual Rendered Successfully
2020-10-30 00:54:11,551:INFO:plot_model() succesfully completed......................................
2020-10-30 00:56:52,246:INFO:Initializing save_model()
2020-10-30 00:56:52,246:INFO:save_model(model=LinearRegression(copy_X=True, fit_intercept=True, n_jobs=-1, normalize=False), model_name=deployment_model, prep_pipe_=Pipeline(memory=None,
         steps=[('dtypes',
                 DataTypes_Auto_infer(categorical_features=[],
                                      display_types=True, features_todrop=[],
                                      id_columns=[], ml_usecase='regression',
                                      numerical_features=[], target='charges',
                                      time_features=[])),
                ('imputer',
                 Simple_Imputer(categorical_strategy='not_available',
                                fill_value_categorical=None,
                                fill_value_numerical=None,
                                numeric_strategy...
                ('dummy', Dummify(target='charges')),
                ('fix_perfect', Remove_100(target='charges')),
                ('clean_names', Clean_Colum_Names()),
                ('feature_select', 'passthrough'), ('fix_multi', 'passthrough'),
                ('dfs',
                 DFS_Classic(interactions=['multiply'], ml_usecase='regression',
                             random_state=123, subclass='binary',
                             target='charges',
                             top_features_to_pick_percentage=None)),
                ('pca', 'passthrough')],
         verbose=False), verbose=True)
2020-10-30 00:56:52,247:INFO:Adding model into prep_pipe
2020-10-30 00:56:52,467:INFO:deployment_model.pkl saved in current working directory
2020-10-30 00:56:52,480:INFO:Pipeline(memory=None,
         steps=[('dtypes',
                 DataTypes_Auto_infer(categorical_features=[],
                                      display_types=True, features_todrop=[],
                                      id_columns=[], ml_usecase='regression',
                                      numerical_features=[], target='charges',
                                      time_features=[])),
                ('imputer',
                 Simple_Imputer(categorical_strategy='not_available',
                                fill_value_categorical=None,
                                fill_value_numerical=None,
                                numeric_strategy...
                ('feature_select', 'passthrough'), ('fix_multi', 'passthrough'),
                ('dfs',
                 DFS_Classic(interactions=['multiply'], ml_usecase='regression',
                             random_state=123, subclass='binary',
                             target='charges',
                             top_features_to_pick_percentage=None)),
                ('pca', 'passthrough'),
                ['trained_model',
                 LinearRegression(copy_X=True, fit_intercept=True, n_jobs=-1,
                                  normalize=False)]],
         verbose=False)
2020-10-30 00:56:52,480:INFO:save_model() succesfully completed......................................
2020-10-31 12:28:02,466:INFO:Initializing load_model()
2020-10-31 12:28:02,490:INFO:load_model(model_name=deployment_model, platform=None, authentication=None, verbose=True)
2020-10-31 12:29:10,986:INFO:Initializing predict_model()
2020-10-31 12:29:10,986:INFO:predict_model(estimator=Pipeline(steps=[('dtypes',
                 DataTypes_Auto_infer(ml_usecase='regression',
                                      target='charges')),
                ('imputer',
                 Simple_Imputer(categorical_strategy='not_available',
                                fill_value_categorical=None,
                                fill_value_numerical=None,
                                numeric_strategy='mean',
                                target_variable=None)),
                ('new_levels1',
                 New_Catagorical_Levels_in_TestData(replacement_strategy='least '
                                                                         'frequent',
                                                    target=...
                ('fix_perfect', Remove_100(target='charges')),
                ('clean_names', Clean_Colum_Names()),
                ('feature_select', 'passthrough'), ('fix_multi', 'passthrough'),
                ('dfs',
                 DFS_Classic(interactions=['multiply'], ml_usecase='regression',
                             random_state=123, subclass='binary',
                             target='charges',
                             top_features_to_pick_percentage=None)),
                ('pca', 'passthrough'),
                ['trained_model', LinearRegression(n_jobs=-1)]]), probability_threshold=None, encoded_labels=True, round=0, verbose=True, ml_usecase=MLUsecase.REGRESSION, display=None)
2020-10-31 12:29:10,986:INFO:Checking exceptions
2020-10-31 12:29:10,986:INFO:Preloading libraries
2020-10-31 12:30:43,667:INFO:Initializing load_model()
2020-10-31 12:30:43,667:INFO:load_model(model_name=deployment_model, platform=None, authentication=None, verbose=True)
2020-10-31 12:31:06,143:INFO:Initializing predict_model()
2020-10-31 12:31:06,143:INFO:predict_model(estimator=Pipeline(steps=[('dtypes',
                 DataTypes_Auto_infer(ml_usecase='regression',
                                      target='charges')),
                ('imputer',
                 Simple_Imputer(categorical_strategy='not_available',
                                fill_value_categorical=None,
                                fill_value_numerical=None,
                                numeric_strategy='mean',
                                target_variable=None)),
                ('new_levels1',
                 New_Catagorical_Levels_in_TestData(replacement_strategy='least '
                                                                         'frequent',
                                                    target=...
                ('fix_perfect', Remove_100(target='charges')),
                ('clean_names', Clean_Colum_Names()),
                ('feature_select', 'passthrough'), ('fix_multi', 'passthrough'),
                ('dfs',
                 DFS_Classic(interactions=['multiply'], ml_usecase='regression',
                             random_state=123, subclass='binary',
                             target='charges',
                             top_features_to_pick_percentage=None)),
                ('pca', 'passthrough'),
                ['trained_model', LinearRegression(n_jobs=-1)]]), probability_threshold=None, encoded_labels=True, round=0, verbose=True, ml_usecase=MLUsecase.REGRESSION, display=None)
2020-10-31 12:31:06,143:INFO:Checking exceptions
2020-10-31 12:31:06,143:INFO:Preloading libraries
2020-10-31 12:34:46,980:INFO:Initializing load_model()
2020-10-31 12:34:46,980:INFO:load_model(model_name=deployment_model, platform=None, authentication=None, verbose=True)
2020-10-31 12:36:02,551:INFO:Initializing predict_model()
2020-10-31 12:36:02,551:INFO:predict_model(estimator=Pipeline(steps=[('dtypes',
                 DataTypes_Auto_infer(ml_usecase='regression',
                                      target='charges')),
                ('imputer',
                 Simple_Imputer(categorical_strategy='not_available',
                                fill_value_categorical=None,
                                fill_value_numerical=None,
                                numeric_strategy='mean',
                                target_variable=None)),
                ('new_levels1',
                 New_Catagorical_Levels_in_TestData(replacement_strategy='least '
                                                                         'frequent',
                                                    target=...
                ('fix_perfect', Remove_100(target='charges')),
                ('clean_names', Clean_Colum_Names()),
                ('feature_select', 'passthrough'), ('fix_multi', 'passthrough'),
                ('dfs',
                 DFS_Classic(interactions=['multiply'], ml_usecase='regression',
                             random_state=123, subclass='binary',
                             target='charges',
                             top_features_to_pick_percentage=None)),
                ('pca', 'passthrough'),
                ['trained_model', LinearRegression(n_jobs=-1)]]), probability_threshold=None, encoded_labels=True, round=0, verbose=True, ml_usecase=MLUsecase.REGRESSION, display=None)
2020-10-31 12:36:02,552:INFO:Checking exceptions
2020-10-31 12:36:02,552:INFO:Preloading libraries
2020-10-31 12:38:46,862:INFO:Initializing load_model()
2020-10-31 12:38:46,862:INFO:load_model(model_name=deployment_model, platform=None, authentication=None, verbose=True)
2020-10-31 12:39:35,222:INFO:Initializing load_model()
2020-10-31 12:39:35,223:INFO:load_model(model_name=deployment_model, platform=None, authentication=None, verbose=True)
2020-10-31 12:52:36,230:INFO:Initializing load_model()
2020-10-31 12:52:36,230:INFO:load_model(model_name=deployment_model, platform=None, authentication=None, verbose=True)
2020-10-31 12:54:06,775:INFO:Initializing predict_model()
2020-10-31 12:54:06,775:INFO:predict_model(estimator=Pipeline(steps=[('dtypes',
                 DataTypes_Auto_infer(ml_usecase='regression',
                                      target='charges')),
                ('imputer',
                 Simple_Imputer(categorical_strategy='not_available',
                                fill_value_categorical=None,
                                fill_value_numerical=None,
                                numeric_strategy='mean',
                                target_variable=None)),
                ('new_levels1',
                 New_Catagorical_Levels_in_TestData(replacement_strategy='least '
                                                                         'frequent',
                                                    target=...
                ('fix_perfect', Remove_100(target='charges')),
                ('clean_names', Clean_Colum_Names()),
                ('feature_select', 'passthrough'), ('fix_multi', 'passthrough'),
                ('dfs',
                 DFS_Classic(interactions=['multiply'], ml_usecase='regression',
                             random_state=123, subclass='binary',
                             target='charges',
                             top_features_to_pick_percentage=None)),
                ('pca', 'passthrough'),
                ['trained_model', LinearRegression(n_jobs=-1)]]), probability_threshold=None, encoded_labels=True, round=0, verbose=True, ml_usecase=MLUsecase.REGRESSION, display=None)
2020-10-31 12:54:06,775:INFO:Checking exceptions
2020-10-31 12:54:06,775:INFO:Preloading libraries
2020-10-31 12:59:08,135:INFO:Initializing load_model()
2020-10-31 12:59:08,136:INFO:load_model(model_name=deployment_model, platform=None, authentication=None, verbose=True)
2020-10-31 12:59:54,706:INFO:Initializing predict_model()
2020-10-31 12:59:54,706:INFO:predict_model(estimator=Pipeline(steps=[('dtypes',
                 DataTypes_Auto_infer(ml_usecase='regression',
                                      target='charges')),
                ('imputer',
                 Simple_Imputer(categorical_strategy='not_available',
                                fill_value_categorical=None,
                                fill_value_numerical=None,
                                numeric_strategy='mean',
                                target_variable=None)),
                ('new_levels1',
                 New_Catagorical_Levels_in_TestData(replacement_strategy='least '
                                                                         'frequent',
                                                    target=...
                ('fix_perfect', Remove_100(target='charges')),
                ('clean_names', Clean_Colum_Names()),
                ('feature_select', 'passthrough'), ('fix_multi', 'passthrough'),
                ('dfs',
                 DFS_Classic(interactions=['multiply'], ml_usecase='regression',
                             random_state=123, subclass='binary',
                             target='charges',
                             top_features_to_pick_percentage=None)),
                ('pca', 'passthrough'),
                ['trained_model', LinearRegression(n_jobs=-1)]]), probability_threshold=None, encoded_labels=True, round=0, verbose=True, ml_usecase=MLUsecase.REGRESSION, display=None)
2020-10-31 12:59:54,707:INFO:Checking exceptions
2020-10-31 12:59:54,707:INFO:Preloading libraries
2020-10-31 13:03:07,502:INFO:Initializing predict_model()
2020-10-31 13:03:07,502:INFO:predict_model(estimator=Pipeline(steps=[('dtypes',
                 DataTypes_Auto_infer(ml_usecase='regression',
                                      target='charges')),
                ('imputer',
                 Simple_Imputer(categorical_strategy='not_available',
                                fill_value_categorical=None,
                                fill_value_numerical=None,
                                numeric_strategy='mean',
                                target_variable=None)),
                ('new_levels1',
                 New_Catagorical_Levels_in_TestData(replacement_strategy='least '
                                                                         'frequent',
                                                    target=...
                ('fix_perfect', Remove_100(target='charges')),
                ('clean_names', Clean_Colum_Names()),
                ('feature_select', 'passthrough'), ('fix_multi', 'passthrough'),
                ('dfs',
                 DFS_Classic(interactions=['multiply'], ml_usecase='regression',
                             random_state=123, subclass='binary',
                             target='charges',
                             top_features_to_pick_percentage=None)),
                ('pca', 'passthrough'),
                ['trained_model', LinearRegression(n_jobs=-1)]]), probability_threshold=None, encoded_labels=True, round=0, verbose=True, ml_usecase=MLUsecase.REGRESSION, display=None)
2020-10-31 13:03:07,502:INFO:Checking exceptions
2020-10-31 13:03:07,502:INFO:Preloading libraries
2020-10-31 13:03:24,380:INFO:Initializing load_model()
2020-10-31 13:03:24,380:INFO:load_model(model_name=deployment_model, platform=None, authentication=None, verbose=True)
2020-10-31 13:03:47,404:INFO:Initializing predict_model()
2020-10-31 13:03:47,404:INFO:predict_model(estimator=Pipeline(steps=[('dtypes',
                 DataTypes_Auto_infer(ml_usecase='regression',
                                      target='charges')),
                ('imputer',
                 Simple_Imputer(categorical_strategy='not_available',
                                fill_value_categorical=None,
                                fill_value_numerical=None,
                                numeric_strategy='mean',
                                target_variable=None)),
                ('new_levels1',
                 New_Catagorical_Levels_in_TestData(replacement_strategy='least '
                                                                         'frequent',
                                                    target=...
                ('fix_perfect', Remove_100(target='charges')),
                ('clean_names', Clean_Colum_Names()),
                ('feature_select', 'passthrough'), ('fix_multi', 'passthrough'),
                ('dfs',
                 DFS_Classic(interactions=['multiply'], ml_usecase='regression',
                             random_state=123, subclass='binary',
                             target='charges',
                             top_features_to_pick_percentage=None)),
                ('pca', 'passthrough'),
                ['trained_model', LinearRegression(n_jobs=-1)]]), probability_threshold=None, encoded_labels=True, round=0, verbose=True, ml_usecase=MLUsecase.REGRESSION, display=None)
2020-10-31 13:03:47,404:INFO:Checking exceptions
2020-10-31 13:03:47,404:INFO:Preloading libraries
2020-10-31 13:05:01,152:INFO:Initializing predict_model()
2020-10-31 13:05:01,152:INFO:predict_model(estimator=Pipeline(steps=[('dtypes',
                 DataTypes_Auto_infer(ml_usecase='regression',
                                      target='charges')),
                ('imputer',
                 Simple_Imputer(categorical_strategy='not_available',
                                fill_value_categorical=None,
                                fill_value_numerical=None,
                                numeric_strategy='mean',
                                target_variable=None)),
                ('new_levels1',
                 New_Catagorical_Levels_in_TestData(replacement_strategy='least '
                                                                         'frequent',
                                                    target=...
                ('fix_perfect', Remove_100(target='charges')),
                ('clean_names', Clean_Colum_Names()),
                ('feature_select', 'passthrough'), ('fix_multi', 'passthrough'),
                ('dfs',
                 DFS_Classic(interactions=['multiply'], ml_usecase='regression',
                             random_state=123, subclass='binary',
                             target='charges',
                             top_features_to_pick_percentage=None)),
                ('pca', 'passthrough'),
                ['trained_model', LinearRegression(n_jobs=-1)]]), probability_threshold=None, encoded_labels=True, round=0, verbose=True, ml_usecase=MLUsecase.REGRESSION, display=None)
2020-10-31 13:05:01,152:INFO:Checking exceptions
2020-10-31 13:05:01,152:INFO:Preloading libraries
2020-10-31 13:08:26,782:INFO:Initializing load_model()
2020-10-31 13:08:26,782:INFO:load_model(model_name=deployment_model, platform=None, authentication=None, verbose=True)
2020-10-31 13:09:03,161:INFO:Initializing predict_model()
2020-10-31 13:09:03,162:INFO:predict_model(estimator=Pipeline(steps=[('dtypes',
                 DataTypes_Auto_infer(ml_usecase='regression',
                                      target='charges')),
                ('imputer',
                 Simple_Imputer(categorical_strategy='not_available',
                                fill_value_categorical=None,
                                fill_value_numerical=None,
                                numeric_strategy='mean',
                                target_variable=None)),
                ('new_levels1',
                 New_Catagorical_Levels_in_TestData(replacement_strategy='least '
                                                                         'frequent',
                                                    target=...
                ('fix_perfect', Remove_100(target='charges')),
                ('clean_names', Clean_Colum_Names()),
                ('feature_select', 'passthrough'), ('fix_multi', 'passthrough'),
                ('dfs',
                 DFS_Classic(interactions=['multiply'], ml_usecase='regression',
                             random_state=123, subclass='binary',
                             target='charges',
                             top_features_to_pick_percentage=None)),
                ('pca', 'passthrough'),
                ['trained_model', LinearRegression(n_jobs=-1)]]), probability_threshold=None, encoded_labels=True, round=0, verbose=True, ml_usecase=MLUsecase.REGRESSION, display=None)
2020-10-31 13:09:03,162:INFO:Checking exceptions
2020-10-31 13:09:03,162:INFO:Preloading libraries
2020-10-31 13:12:07,200:INFO:Initializing load_model()
2020-10-31 13:12:07,201:INFO:load_model(model_name=deployment_model, platform=None, authentication=None, verbose=True)
2020-10-31 13:12:47,150:INFO:Initializing predict_model()
2020-10-31 13:12:47,150:INFO:predict_model(estimator=Pipeline(steps=[('dtypes',
                 DataTypes_Auto_infer(ml_usecase='regression',
                                      target='charges')),
                ('imputer',
                 Simple_Imputer(categorical_strategy='not_available',
                                fill_value_categorical=None,
                                fill_value_numerical=None,
                                numeric_strategy='mean',
                                target_variable=None)),
                ('new_levels1',
                 New_Catagorical_Levels_in_TestData(replacement_strategy='least '
                                                                         'frequent',
                                                    target=...
                ('fix_perfect', Remove_100(target='charges')),
                ('clean_names', Clean_Colum_Names()),
                ('feature_select', 'passthrough'), ('fix_multi', 'passthrough'),
                ('dfs',
                 DFS_Classic(interactions=['multiply'], ml_usecase='regression',
                             random_state=123, subclass='binary',
                             target='charges',
                             top_features_to_pick_percentage=None)),
                ('pca', 'passthrough'),
                ['trained_model', LinearRegression(n_jobs=-1)]]), probability_threshold=None, encoded_labels=True, round=0, verbose=True, ml_usecase=MLUsecase.REGRESSION, display=None)
2020-10-31 13:12:47,150:INFO:Checking exceptions
2020-10-31 13:12:47,150:INFO:Preloading libraries
2020-10-31 13:13:56,163:INFO:Initializing load_model()
2020-10-31 13:13:56,163:INFO:load_model(model_name=deployment_model, platform=None, authentication=None, verbose=True)
2020-10-31 13:14:26,420:INFO:Initializing predict_model()
2020-10-31 13:14:26,420:INFO:predict_model(estimator=Pipeline(steps=[('dtypes',
                 DataTypes_Auto_infer(ml_usecase='regression',
                                      target='charges')),
                ('imputer',
                 Simple_Imputer(categorical_strategy='not_available',
                                fill_value_categorical=None,
                                fill_value_numerical=None,
                                numeric_strategy='mean',
                                target_variable=None)),
                ('new_levels1',
                 New_Catagorical_Levels_in_TestData(replacement_strategy='least '
                                                                         'frequent',
                                                    target=...
                ('fix_perfect', Remove_100(target='charges')),
                ('clean_names', Clean_Colum_Names()),
                ('feature_select', 'passthrough'), ('fix_multi', 'passthrough'),
                ('dfs',
                 DFS_Classic(interactions=['multiply'], ml_usecase='regression',
                             random_state=123, subclass='binary',
                             target='charges',
                             top_features_to_pick_percentage=None)),
                ('pca', 'passthrough'),
                ['trained_model', LinearRegression(n_jobs=-1)]]), probability_threshold=None, encoded_labels=True, round=0, verbose=True, ml_usecase=MLUsecase.REGRESSION, display=None)
2020-10-31 13:14:26,420:INFO:Checking exceptions
2020-10-31 13:14:26,420:INFO:Preloading libraries
2020-10-31 13:17:37,743:INFO:Initializing load_model()
2020-10-31 13:17:37,743:INFO:load_model(model_name=deployment_model, platform=None, authentication=None, verbose=True)
2020-11-02 08:21:02,873:INFO:Initializing load_model()
2020-11-02 08:21:02,894:INFO:load_model(model_name=deployment_model, platform=None, authentication=None, verbose=True)
2020-11-02 08:27:05,984:INFO:Initializing load_model()
2020-11-02 08:27:05,984:INFO:load_model(model_name=deployment_model, platform=None, authentication=None, verbose=True)
2020-11-02 08:27:33,301:INFO:Initializing predict_model()
2020-11-02 08:27:33,301:INFO:predict_model(estimator=Pipeline(steps=[('dtypes',
                 DataTypes_Auto_infer(ml_usecase='regression',
                                      target='charges')),
                ('imputer',
                 Simple_Imputer(categorical_strategy='not_available',
                                fill_value_categorical=None,
                                fill_value_numerical=None,
                                numeric_strategy='mean',
                                target_variable=None)),
                ('new_levels1',
                 New_Catagorical_Levels_in_TestData(replacement_strategy='least '
                                                                         'frequent',
                                                    target=...
                ('fix_perfect', Remove_100(target='charges')),
                ('clean_names', Clean_Colum_Names()),
                ('feature_select', 'passthrough'), ('fix_multi', 'passthrough'),
                ('dfs',
                 DFS_Classic(interactions=['multiply'], ml_usecase='regression',
                             random_state=123, subclass='binary',
                             target='charges',
                             top_features_to_pick_percentage=None)),
                ('pca', 'passthrough'),
                ['trained_model', LinearRegression(n_jobs=-1)]]), probability_threshold=None, encoded_labels=True, round=0, verbose=True, ml_usecase=MLUsecase.REGRESSION, display=None)
2020-11-02 08:27:33,302:INFO:Checking exceptions
2020-11-02 08:27:33,302:INFO:Preloading libraries
2020-11-02 08:27:58,062:INFO:Initializing predict_model()
2020-11-02 08:27:58,062:INFO:predict_model(estimator=Pipeline(steps=[('dtypes',
                 DataTypes_Auto_infer(ml_usecase='regression',
                                      target='charges')),
                ('imputer',
                 Simple_Imputer(categorical_strategy='not_available',
                                fill_value_categorical=None,
                                fill_value_numerical=None,
                                numeric_strategy='mean',
                                target_variable=None)),
                ('new_levels1',
                 New_Catagorical_Levels_in_TestData(replacement_strategy='least '
                                                                         'frequent',
                                                    target=...
                ('fix_perfect', Remove_100(target='charges')),
                ('clean_names', Clean_Colum_Names()),
                ('feature_select', 'passthrough'), ('fix_multi', 'passthrough'),
                ('dfs',
                 DFS_Classic(interactions=['multiply'], ml_usecase='regression',
                             random_state=123, subclass='binary',
                             target='charges',
                             top_features_to_pick_percentage=None)),
                ('pca', 'passthrough'),
                ['trained_model', LinearRegression(n_jobs=-1)]]), probability_threshold=None, encoded_labels=True, round=0, verbose=True, ml_usecase=MLUsecase.REGRESSION, display=None)
2020-11-02 08:27:58,063:INFO:Checking exceptions
2020-11-02 08:27:58,063:INFO:Preloading libraries
2020-11-02 13:50:40,234:INFO:Initializing load_model()
2020-11-02 13:50:40,243:INFO:load_model(model_name=deployment_model, platform=None, authentication=None, verbose=True)
2020-11-02 14:08:08,485:INFO:Initializing predict_model()
2020-11-02 14:08:08,485:INFO:predict_model(estimator=Pipeline(steps=[('dtypes',
                 DataTypes_Auto_infer(ml_usecase='regression',
                                      target='charges')),
                ('imputer',
                 Simple_Imputer(categorical_strategy='not_available',
                                fill_value_categorical=None,
                                fill_value_numerical=None,
                                numeric_strategy='mean',
                                target_variable=None)),
                ('new_levels1',
                 New_Catagorical_Levels_in_TestData(replacement_strategy='least '
                                                                         'frequent',
                                                    target=...
                ('fix_perfect', Remove_100(target='charges')),
                ('clean_names', Clean_Colum_Names()),
                ('feature_select', 'passthrough'), ('fix_multi', 'passthrough'),
                ('dfs',
                 DFS_Classic(interactions=['multiply'], ml_usecase='regression',
                             random_state=123, subclass='binary',
                             target='charges',
                             top_features_to_pick_percentage=None)),
                ('pca', 'passthrough'),
                ['trained_model', LinearRegression(n_jobs=-1)]]), probability_threshold=None, encoded_labels=True, round=0, verbose=True, ml_usecase=MLUsecase.REGRESSION, display=None)
2020-11-02 14:08:08,485:INFO:Checking exceptions
2020-11-02 14:08:08,485:INFO:Preloading libraries
